<?xml version="1.0" encoding="UTF-8"?>
<coverage generated="1529861854488" clover="3.2.0">
  <project timestamp="1529861854488" name="All files">
    <metrics statements="142" coveredstatements="95" conditionals="95" coveredconditionals="56" methods="52" coveredmethods="31" elements="289" coveredelements="182" complexity="0" loc="142" ncloc="142" packages="9" files="16" classes="16">
      <package name="monzo-code-challenge">
        <metrics statements="4" coveredstatements="4" conditionals="0" coveredconditionals="0" methods="0" coveredmethods="0"/>
        <file name="setupTests.js" path="/Users/dylan/Documents/Git/monzo-code-challenge/setupTests.js">
          <metrics statements="4" coveredstatements="4" conditionals="0" coveredconditionals="0" methods="0" coveredmethods="0"/>
          <line num="4" count="9" type="stmt"/>
          <line num="6" count="9" type="stmt"/>
          <line num="7" count="9" type="stmt"/>
          <line num="8" count="9" type="stmt"/>
        </file>
      </package>
      <package name="monzo-code-challenge.src.api">
        <metrics statements="38" coveredstatements="35" conditionals="31" coveredconditionals="25" methods="5" coveredmethods="5"/>
        <file name="apps.js" path="/Users/dylan/Documents/Git/monzo-code-challenge/src/api/apps.js">
          <metrics statements="27" coveredstatements="24" conditionals="25" coveredconditionals="19" methods="3" coveredmethods="3"/>
          <line num="4" count="3" type="stmt"/>
          <line num="5" count="3" type="stmt"/>
          <line num="10" count="1" type="stmt"/>
          <line num="12" count="2" type="cond" truecount="1" falsecount="0"/>
          <line num="13" count="2" type="cond" truecount="2" falsecount="0"/>
          <line num="15" count="1" type="stmt"/>
          <line num="16" count="1" type="cond" truecount="2" falsecount="2"/>
          <line num="18" count="0" type="stmt"/>
          <line num="21" count="1" type="stmt"/>
          <line num="26" count="3" type="stmt"/>
          <line num="27" count="3" type="stmt"/>
          <line num="35" count="1" type="stmt"/>
          <line num="37" count="2" type="cond" truecount="1" falsecount="0"/>
          <line num="38" count="2" type="cond" truecount="2" falsecount="0"/>
          <line num="40" count="1" type="stmt"/>
          <line num="41" count="1" type="cond" truecount="2" falsecount="2"/>
          <line num="43" count="0" type="stmt"/>
          <line num="46" count="1" type="stmt"/>
          <line num="51" count="3" type="stmt"/>
          <line num="52" count="3" type="stmt"/>
          <line num="61" count="1" type="stmt"/>
          <line num="63" count="2" type="cond" truecount="1" falsecount="0"/>
          <line num="64" count="2" type="cond" truecount="2" falsecount="0"/>
          <line num="66" count="1" type="stmt"/>
          <line num="67" count="1" type="cond" truecount="2" falsecount="2"/>
          <line num="69" count="0" type="stmt"/>
          <line num="72" count="1" type="stmt"/>
        </file>
        <file name="auth.js" path="/Users/dylan/Documents/Git/monzo-code-challenge/src/api/auth.js">
          <metrics statements="11" coveredstatements="11" conditionals="6" coveredconditionals="6" methods="2" coveredmethods="2"/>
          <line num="4" count="3" type="stmt"/>
          <line num="5" count="3" type="stmt"/>
          <line num="11" count="1" type="stmt"/>
          <line num="13" count="2" type="cond" truecount="1" falsecount="0"/>
          <line num="15" count="2" type="cond" truecount="4" falsecount="0"/>
          <line num="16" count="1" type="stmt"/>
          <line num="19" count="1" type="stmt"/>
          <line num="24" count="2" type="stmt"/>
          <line num="25" count="2" type="stmt"/>
          <line num="31" count="1" type="stmt"/>
          <line num="34" count="1" type="stmt"/>
        </file>
      </package>
      <package name="monzo-code-challenge.src.components.AppDetail">
        <metrics statements="38" coveredstatements="32" conditionals="24" coveredconditionals="19" methods="14" coveredmethods="12"/>
        <file name="AppDetail.jsx" path="/Users/dylan/Documents/Git/monzo-code-challenge/src/components/AppDetail/AppDetail.jsx">
          <metrics statements="38" coveredstatements="32" conditionals="24" coveredconditionals="19" methods="14" coveredmethods="12"/>
          <line num="35" count="11" type="stmt"/>
          <line num="46" count="12" type="stmt"/>
          <line num="47" count="12" type="stmt"/>
          <line num="48" count="12" type="stmt"/>
          <line num="51" count="12" type="cond" truecount="6" falsecount="0"/>
          <line num="52" count="8" type="stmt"/>
          <line num="53" count="8" type="stmt"/>
          <line num="59" count="12" type="stmt"/>
          <line num="67" count="0" type="stmt"/>
          <line num="76" count="1" type="stmt"/>
          <line num="78" count="1" type="cond" truecount="1" falsecount="1"/>
          <line num="79" count="0" type="stmt"/>
          <line num="80" count="0" type="stmt"/>
          <line num="84" count="1" type="stmt"/>
          <line num="91" count="9" type="stmt"/>
          <line num="92" count="9" type="stmt"/>
          <line num="93" count="9" type="cond" truecount="1" falsecount="1"/>
          <line num="94" count="9" type="cond" truecount="2" falsecount="2"/>
          <line num="95" count="0" type="stmt"/>
          <line num="98" count="9" type="cond" truecount="1" falsecount="1"/>
          <line num="99" count="0" type="stmt"/>
          <line num="103" count="9" type="stmt"/>
          <line num="104" count="159" type="stmt"/>
          <line num="107" count="0" type="stmt"/>
          <line num="111" count="9" type="stmt"/>
          <line num="112" count="9" type="stmt"/>
          <line num="113" count="9" type="stmt"/>
          <line num="114" count="9" type="stmt"/>
          <line num="116" count="9" type="stmt"/>
          <line num="120" count="1" type="stmt"/>
          <line num="127" count="1" type="stmt"/>
          <line num="137" count="12" type="stmt"/>
          <line num="138" count="12" type="stmt"/>
          <line num="140" count="12" type="cond" truecount="2" falsecount="0"/>
          <line num="141" count="9" type="stmt"/>
          <line num="190" count="3" type="cond" truecount="2" falsecount="0"/>
          <line num="191" count="1" type="stmt"/>
          <line num="195" count="2" type="stmt"/>
        </file>
        <file name="index.js" path="/Users/dylan/Documents/Git/monzo-code-challenge/src/components/AppDetail/index.js">
          <metrics statements="0" coveredstatements="0" conditionals="0" coveredconditionals="0" methods="0" coveredmethods="0"/>
        </file>
      </package>
      <package name="monzo-code-challenge.src.components.AppList">
        <metrics statements="6" coveredstatements="6" conditionals="7" coveredconditionals="4" methods="5" coveredmethods="5"/>
        <file name="AppList.jsx" path="/Users/dylan/Documents/Git/monzo-code-challenge/src/components/AppList/AppList.jsx">
          <metrics statements="6" coveredstatements="6" conditionals="7" coveredconditionals="4" methods="5" coveredmethods="5"/>
          <line num="16" count="4" type="stmt"/>
          <line num="20" count="4" type="cond" truecount="0" falsecount="1"/>
          <line num="22" count="4" type="stmt"/>
          <line num="23" count="2" type="stmt"/>
          <line num="28" count="4" type="stmt"/>
          <line num="29" count="4" type="stmt"/>
        </file>
        <file name="index.js" path="/Users/dylan/Documents/Git/monzo-code-challenge/src/components/AppList/index.js">
          <metrics statements="0" coveredstatements="0" conditionals="0" coveredconditionals="0" methods="0" coveredmethods="0"/>
        </file>
      </package>
      <package name="monzo-code-challenge.src.components.AppListItem">
        <metrics statements="2" coveredstatements="2" conditionals="1" coveredconditionals="1" methods="1" coveredmethods="1"/>
        <file name="AppListItem.jsx" path="/Users/dylan/Documents/Git/monzo-code-challenge/src/components/AppListItem/AppListItem.jsx">
          <metrics statements="2" coveredstatements="2" conditionals="1" coveredconditionals="1" methods="1" coveredmethods="1"/>
          <line num="7" count="3" type="cond" truecount="1" falsecount="0"/>
          <line num="8" count="2" type="stmt"/>
        </file>
        <file name="index.js" path="/Users/dylan/Documents/Git/monzo-code-challenge/src/components/AppListItem/index.js">
          <metrics statements="0" coveredstatements="0" conditionals="0" coveredconditionals="0" methods="0" coveredmethods="0"/>
        </file>
      </package>
      <package name="monzo-code-challenge.src.components.Authenticate">
        <metrics statements="7" coveredstatements="7" conditionals="4" coveredconditionals="2" methods="5" coveredmethods="4"/>
        <file name="Authenticate.jsx" path="/Users/dylan/Documents/Git/monzo-code-challenge/src/components/Authenticate/Authenticate.jsx">
          <metrics statements="7" coveredstatements="7" conditionals="4" coveredconditionals="2" methods="5" coveredmethods="4"/>
          <line num="17" count="1" type="stmt"/>
          <line num="23" count="3" type="stmt"/>
          <line num="27" count="8" type="stmt"/>
          <line num="28" count="8" type="stmt"/>
          <line num="30" count="8" type="stmt"/>
          <line num="40" count="3" type="stmt"/>
          <line num="41" count="3" type="stmt"/>
        </file>
        <file name="index.js" path="/Users/dylan/Documents/Git/monzo-code-challenge/src/components/Authenticate/index.js">
          <metrics statements="0" coveredstatements="0" conditionals="0" coveredconditionals="0" methods="0" coveredmethods="0"/>
        </file>
      </package>
      <package name="monzo-code-challenge.src.components.UserListItem">
        <metrics statements="2" coveredstatements="2" conditionals="3" coveredconditionals="2" methods="1" coveredmethods="1"/>
        <file name="UserListItem.jsx" path="/Users/dylan/Documents/Git/monzo-code-challenge/src/components/UserListItem/UserListItem.jsx">
          <metrics statements="2" coveredstatements="2" conditionals="3" coveredconditionals="2" methods="1" coveredmethods="1"/>
          <line num="5" count="3" type="cond" truecount="1" falsecount="0"/>
          <line num="6" count="1" type="stmt"/>
        </file>
        <file name="index.js" path="/Users/dylan/Documents/Git/monzo-code-challenge/src/components/UserListItem/index.js">
          <metrics statements="0" coveredstatements="0" conditionals="0" coveredconditionals="0" methods="0" coveredmethods="0"/>
        </file>
      </package>
      <package name="monzo-code-challenge.src.containers.App">
        <metrics statements="42" coveredstatements="4" conditionals="23" coveredconditionals="1" methods="20" coveredmethods="2"/>
        <file name="App.jsx" path="/Users/dylan/Documents/Git/monzo-code-challenge/src/containers/App/App.jsx">
          <metrics statements="42" coveredstatements="4" conditionals="23" coveredconditionals="1" methods="20" coveredmethods="2"/>
          <line num="36" count="1" type="stmt"/>
          <line num="39" count="1" type="cond" truecount="1" falsecount="1"/>
          <line num="40" count="0" type="stmt"/>
          <line num="41" count="0" type="cond" truecount="0" falsecount="2"/>
          <line num="42" count="0" type="stmt"/>
          <line num="43" count="0" type="stmt"/>
          <line num="56" count="0" type="stmt"/>
          <line num="66" count="0" type="stmt"/>
          <line num="68" count="0" type="cond" truecount="0" falsecount="2"/>
          <line num="70" count="0" type="stmt"/>
          <line num="72" count="0" type="stmt"/>
          <line num="82" count="0" type="stmt"/>
          <line num="94" count="0" type="stmt"/>
          <line num="96" count="0" type="stmt"/>
          <line num="108" count="0" type="stmt"/>
          <line num="116" count="0" type="stmt"/>
          <line num="117" count="0" type="cond" truecount="0" falsecount="2"/>
          <line num="119" count="0" type="stmt"/>
          <line num="125" count="0" type="cond" truecount="0" falsecount="2"/>
          <line num="127" count="0" type="stmt"/>
          <line num="133" count="0" type="stmt"/>
          <line num="137" count="0" type="stmt"/>
          <line num="148" count="0" type="stmt"/>
          <line num="149" count="0" type="cond" truecount="0" falsecount="2"/>
          <line num="151" count="0" type="stmt"/>
          <line num="152" count="0" type="cond" truecount="0" falsecount="2"/>
          <line num="153" count="0" type="stmt"/>
          <line num="155" count="0" type="stmt"/>
          <line num="158" count="0" type="stmt"/>
          <line num="169" count="0" type="stmt"/>
          <line num="179" count="0" type="stmt"/>
          <line num="183" count="0" type="cond" truecount="0" falsecount="2"/>
          <line num="185" count="0" type="stmt"/>
          <line num="193" count="0" type="cond" truecount="0" falsecount="2"/>
          <line num="195" count="0" type="stmt"/>
          <line num="203" count="0" type="stmt"/>
          <line num="207" count="0" type="stmt"/>
          <line num="220" count="1" type="stmt"/>
          <line num="222" count="1" type="stmt"/>
          <line num="230" count="0" type="cond" truecount="0" falsecount="2"/>
          <line num="240" count="0" type="stmt"/>
          <line num="249" count="0" type="stmt"/>
        </file>
      </package>
      <package name="monzo-code-challenge.src.containers.PrivateRoute">
        <metrics statements="3" coveredstatements="3" conditionals="2" coveredconditionals="2" methods="1" coveredmethods="1"/>
        <file name="PrivateRoute.jsx" path="/Users/dylan/Documents/Git/monzo-code-challenge/src/containers/PrivateRoute/PrivateRoute.jsx">
          <metrics statements="3" coveredstatements="3" conditionals="2" coveredconditionals="2" methods="1" coveredmethods="1"/>
          <line num="5" count="2" type="cond" truecount="2" falsecount="0"/>
          <line num="6" count="1" type="stmt"/>
          <line num="8" count="1" type="stmt"/>
        </file>
        <file name="index.js" path="/Users/dylan/Documents/Git/monzo-code-challenge/src/containers/PrivateRoute/index.js">
          <metrics statements="0" coveredstatements="0" conditionals="0" coveredconditionals="0" methods="0" coveredmethods="0"/>
        </file>
      </package>
    </metrics>
  </project>
</coverage>
