<?xml version="1.0" encoding="UTF-8"?>
<coverage generated="1529859620892" clover="3.2.0">
  <project timestamp="1529859620892" name="All files">
    <metrics statements="118" coveredstatements="82" conditionals="75" coveredconditionals="43" methods="45" coveredmethods="29" elements="238" coveredelements="154" complexity="0" loc="118" ncloc="118" packages="9" files="16" classes="16">
      <package name="monzo-code-challenge">
        <metrics statements="4" coveredstatements="4" conditionals="0" coveredconditionals="0" methods="0" coveredmethods="0"/>
        <file name="setupTests.js" path="/Users/dylan/Documents/Git/monzo-code-challenge/setupTests.js">
          <metrics statements="4" coveredstatements="4" conditionals="0" coveredconditionals="0" methods="0" coveredmethods="0"/>
          <line num="4" count="9" type="stmt"/>
          <line num="6" count="9" type="stmt"/>
          <line num="7" count="9" type="stmt"/>
          <line num="8" count="9" type="stmt"/>
        </file>
      </package>
      <package name="monzo-code-challenge.src.api">
        <metrics statements="29" coveredstatements="27" conditionals="23" coveredconditionals="19" methods="4" coveredmethods="4"/>
        <file name="apps.js" path="/Users/dylan/Documents/Git/monzo-code-challenge/src/api/apps.js">
          <metrics statements="18" coveredstatements="16" conditionals="17" coveredconditionals="13" methods="2" coveredmethods="2"/>
          <line num="4" count="3" type="stmt"/>
          <line num="5" count="3" type="stmt"/>
          <line num="10" count="1" type="stmt"/>
          <line num="12" count="2" type="cond" truecount="1" falsecount="0"/>
          <line num="13" count="2" type="cond" truecount="2" falsecount="0"/>
          <line num="15" count="1" type="stmt"/>
          <line num="16" count="1" type="cond" truecount="2" falsecount="2"/>
          <line num="18" count="0" type="stmt"/>
          <line num="21" count="1" type="stmt"/>
          <line num="26" count="3" type="stmt"/>
          <line num="27" count="3" type="stmt"/>
          <line num="36" count="1" type="stmt"/>
          <line num="38" count="2" type="cond" truecount="1" falsecount="0"/>
          <line num="39" count="2" type="cond" truecount="2" falsecount="0"/>
          <line num="41" count="1" type="stmt"/>
          <line num="42" count="1" type="cond" truecount="2" falsecount="2"/>
          <line num="44" count="0" type="stmt"/>
          <line num="47" count="1" type="stmt"/>
        </file>
        <file name="auth.js" path="/Users/dylan/Documents/Git/monzo-code-challenge/src/api/auth.js">
          <metrics statements="11" coveredstatements="11" conditionals="6" coveredconditionals="6" methods="2" coveredmethods="2"/>
          <line num="4" count="3" type="stmt"/>
          <line num="5" count="3" type="stmt"/>
          <line num="11" count="1" type="stmt"/>
          <line num="13" count="2" type="cond" truecount="1" falsecount="0"/>
          <line num="15" count="2" type="cond" truecount="4" falsecount="0"/>
          <line num="16" count="1" type="stmt"/>
          <line num="19" count="1" type="stmt"/>
          <line num="24" count="2" type="stmt"/>
          <line num="25" count="2" type="stmt"/>
          <line num="31" count="1" type="stmt"/>
          <line num="34" count="1" type="stmt"/>
        </file>
      </package>
      <package name="monzo-code-challenge.src.components.AppDetail">
        <metrics statements="30" coveredstatements="27" conditionals="18" coveredconditionals="13" methods="11" coveredmethods="11"/>
        <file name="AppDetail.jsx" path="/Users/dylan/Documents/Git/monzo-code-challenge/src/components/AppDetail/AppDetail.jsx">
          <metrics statements="30" coveredstatements="27" conditionals="18" coveredconditionals="13" methods="11" coveredmethods="11"/>
          <line num="29" count="10" type="stmt"/>
          <line num="33" count="10" type="stmt"/>
          <line num="34" count="10" type="stmt"/>
          <line num="37" count="10" type="cond" truecount="5" falsecount="1"/>
          <line num="38" count="7" type="stmt"/>
          <line num="41" count="10" type="stmt"/>
          <line num="48" count="7" type="stmt"/>
          <line num="49" count="7" type="stmt"/>
          <line num="50" count="7" type="cond" truecount="1" falsecount="1"/>
          <line num="51" count="7" type="cond" truecount="2" falsecount="2"/>
          <line num="52" count="0" type="stmt"/>
          <line num="55" count="7" type="cond" truecount="1" falsecount="1"/>
          <line num="56" count="0" type="stmt"/>
          <line num="60" count="7" type="stmt"/>
          <line num="61" count="109" type="stmt"/>
          <line num="64" count="0" type="stmt"/>
          <line num="68" count="7" type="stmt"/>
          <line num="69" count="7" type="stmt"/>
          <line num="70" count="7" type="stmt"/>
          <line num="71" count="7" type="stmt"/>
          <line num="73" count="7" type="stmt"/>
          <line num="77" count="1" type="stmt"/>
          <line num="84" count="1" type="stmt"/>
          <line num="94" count="10" type="stmt"/>
          <line num="95" count="10" type="stmt"/>
          <line num="97" count="10" type="cond" truecount="2" falsecount="0"/>
          <line num="98" count="7" type="stmt"/>
          <line num="118" count="3" type="cond" truecount="2" falsecount="0"/>
          <line num="119" count="1" type="stmt"/>
          <line num="123" count="2" type="stmt"/>
        </file>
        <file name="index.js" path="/Users/dylan/Documents/Git/monzo-code-challenge/src/components/AppDetail/index.js">
          <metrics statements="0" coveredstatements="0" conditionals="0" coveredconditionals="0" methods="0" coveredmethods="0"/>
        </file>
      </package>
      <package name="monzo-code-challenge.src.components.AppList">
        <metrics statements="6" coveredstatements="6" conditionals="5" coveredconditionals="3" methods="5" coveredmethods="5"/>
        <file name="AppList.jsx" path="/Users/dylan/Documents/Git/monzo-code-challenge/src/components/AppList/AppList.jsx">
          <metrics statements="6" coveredstatements="6" conditionals="5" coveredconditionals="3" methods="5" coveredmethods="5"/>
          <line num="16" count="4" type="stmt"/>
          <line num="20" count="4" type="cond" truecount="0" falsecount="1"/>
          <line num="22" count="4" type="stmt"/>
          <line num="23" count="2" type="stmt"/>
          <line num="28" count="4" type="stmt"/>
          <line num="29" count="4" type="stmt"/>
        </file>
        <file name="index.js" path="/Users/dylan/Documents/Git/monzo-code-challenge/src/components/AppList/index.js">
          <metrics statements="0" coveredstatements="0" conditionals="0" coveredconditionals="0" methods="0" coveredmethods="0"/>
        </file>
      </package>
      <package name="monzo-code-challenge.src.components.AppListItem">
        <metrics statements="2" coveredstatements="2" conditionals="1" coveredconditionals="1" methods="1" coveredmethods="1"/>
        <file name="AppListItem.jsx" path="/Users/dylan/Documents/Git/monzo-code-challenge/src/components/AppListItem/AppListItem.jsx">
          <metrics statements="2" coveredstatements="2" conditionals="1" coveredconditionals="1" methods="1" coveredmethods="1"/>
          <line num="7" count="3" type="cond" truecount="1" falsecount="0"/>
          <line num="8" count="2" type="stmt"/>
        </file>
        <file name="index.js" path="/Users/dylan/Documents/Git/monzo-code-challenge/src/components/AppListItem/index.js">
          <metrics statements="0" coveredstatements="0" conditionals="0" coveredconditionals="0" methods="0" coveredmethods="0"/>
        </file>
      </package>
      <package name="monzo-code-challenge.src.components.Authenticate">
        <metrics statements="7" coveredstatements="7" conditionals="4" coveredconditionals="2" methods="5" coveredmethods="4"/>
        <file name="Authenticate.jsx" path="/Users/dylan/Documents/Git/monzo-code-challenge/src/components/Authenticate/Authenticate.jsx">
          <metrics statements="7" coveredstatements="7" conditionals="4" coveredconditionals="2" methods="5" coveredmethods="4"/>
          <line num="17" count="1" type="stmt"/>
          <line num="23" count="3" type="stmt"/>
          <line num="27" count="8" type="stmt"/>
          <line num="28" count="8" type="stmt"/>
          <line num="30" count="8" type="stmt"/>
          <line num="40" count="3" type="stmt"/>
          <line num="41" count="3" type="stmt"/>
        </file>
        <file name="index.js" path="/Users/dylan/Documents/Git/monzo-code-challenge/src/components/Authenticate/index.js">
          <metrics statements="0" coveredstatements="0" conditionals="0" coveredconditionals="0" methods="0" coveredmethods="0"/>
        </file>
      </package>
      <package name="monzo-code-challenge.src.components.UserListItem">
        <metrics statements="2" coveredstatements="2" conditionals="3" coveredconditionals="2" methods="1" coveredmethods="1"/>
        <file name="UserListItem.jsx" path="/Users/dylan/Documents/Git/monzo-code-challenge/src/components/UserListItem/UserListItem.jsx">
          <metrics statements="2" coveredstatements="2" conditionals="3" coveredconditionals="2" methods="1" coveredmethods="1"/>
          <line num="5" count="3" type="cond" truecount="1" falsecount="0"/>
          <line num="6" count="1" type="stmt"/>
        </file>
        <file name="index.js" path="/Users/dylan/Documents/Git/monzo-code-challenge/src/components/UserListItem/index.js">
          <metrics statements="0" coveredstatements="0" conditionals="0" coveredconditionals="0" methods="0" coveredmethods="0"/>
        </file>
      </package>
      <package name="monzo-code-challenge.src.containers.App">
        <metrics statements="35" coveredstatements="4" conditionals="19" coveredconditionals="1" methods="17" coveredmethods="2"/>
        <file name="App.jsx" path="/Users/dylan/Documents/Git/monzo-code-challenge/src/containers/App/App.jsx">
          <metrics statements="35" coveredstatements="4" conditionals="19" coveredconditionals="1" methods="17" coveredmethods="2"/>
          <line num="36" count="1" type="stmt"/>
          <line num="39" count="1" type="cond" truecount="1" falsecount="1"/>
          <line num="40" count="0" type="stmt"/>
          <line num="41" count="0" type="cond" truecount="0" falsecount="2"/>
          <line num="42" count="0" type="stmt"/>
          <line num="43" count="0" type="stmt"/>
          <line num="56" count="0" type="stmt"/>
          <line num="66" count="0" type="stmt"/>
          <line num="68" count="0" type="cond" truecount="0" falsecount="2"/>
          <line num="70" count="0" type="stmt"/>
          <line num="72" count="0" type="stmt"/>
          <line num="82" count="0" type="stmt"/>
          <line num="94" count="0" type="stmt"/>
          <line num="96" count="0" type="stmt"/>
          <line num="108" count="0" type="stmt"/>
          <line num="116" count="0" type="stmt"/>
          <line num="117" count="0" type="cond" truecount="0" falsecount="2"/>
          <line num="119" count="0" type="stmt"/>
          <line num="125" count="0" type="cond" truecount="0" falsecount="2"/>
          <line num="127" count="0" type="stmt"/>
          <line num="133" count="0" type="stmt"/>
          <line num="137" count="0" type="stmt"/>
          <line num="149" count="0" type="stmt"/>
          <line num="159" count="0" type="stmt"/>
          <line num="163" count="0" type="cond" truecount="0" falsecount="2"/>
          <line num="165" count="0" type="stmt"/>
          <line num="173" count="0" type="cond" truecount="0" falsecount="2"/>
          <line num="175" count="0" type="stmt"/>
          <line num="183" count="0" type="stmt"/>
          <line num="187" count="0" type="stmt"/>
          <line num="200" count="1" type="stmt"/>
          <line num="202" count="1" type="stmt"/>
          <line num="210" count="0" type="cond" truecount="0" falsecount="2"/>
          <line num="220" count="0" type="stmt"/>
          <line num="229" count="0" type="stmt"/>
        </file>
      </package>
      <package name="monzo-code-challenge.src.containers.PrivateRoute">
        <metrics statements="3" coveredstatements="3" conditionals="2" coveredconditionals="2" methods="1" coveredmethods="1"/>
        <file name="PrivateRoute.jsx" path="/Users/dylan/Documents/Git/monzo-code-challenge/src/containers/PrivateRoute/PrivateRoute.jsx">
          <metrics statements="3" coveredstatements="3" conditionals="2" coveredconditionals="2" methods="1" coveredmethods="1"/>
          <line num="5" count="2" type="cond" truecount="2" falsecount="0"/>
          <line num="6" count="1" type="stmt"/>
          <line num="8" count="1" type="stmt"/>
        </file>
        <file name="index.js" path="/Users/dylan/Documents/Git/monzo-code-challenge/src/containers/PrivateRoute/index.js">
          <metrics statements="0" coveredstatements="0" conditionals="0" coveredconditionals="0" methods="0" coveredmethods="0"/>
        </file>
      </package>
    </metrics>
  </project>
</coverage>
