{"/Users/dylan/Documents/Git/monzo-code-challenge/setupTests.js": {"path":"/Users/dylan/Documents/Git/monzo-code-challenge/setupTests.js","statementMap":{"0":{"start":{"line":4,"column":0},"end":{"line":4,"column":51}},"1":{"start":{"line":6,"column":0},"end":{"line":6,"column":25}},"2":{"start":{"line":7,"column":0},"end":{"line":7,"column":23}},"3":{"start":{"line":8,"column":0},"end":{"line":8,"column":21}}},"fnMap":{},"branchMap":{},"s":{"0":9,"1":9,"2":9,"3":9},"f":{},"b":{},"_coverageSchema":"332fd63041d2c1bcb487cc26dd0d5f7d97098a6c","hash":"76a3c0aa3df47a4f34fe232b355a422d974684a3"}
,"/Users/dylan/Documents/Git/monzo-code-challenge/src/api/apps.js": {"path":"/Users/dylan/Documents/Git/monzo-code-challenge/src/api/apps.js","statementMap":{"0":{"start":{"line":4,"column":2},"end":{"line":22,"column":3}},"1":{"start":{"line":5,"column":21},"end":{"line":9,"column":6}},"2":{"start":{"line":10,"column":4},"end":{"line":10,"column":25}},"3":{"start":{"line":12,"column":30},"end":{"line":12,"column":35}},"4":{"start":{"line":13,"column":4},"end":{"line":19,"column":5}},"5":{"start":{"line":15,"column":6},"end":{"line":15,"column":57}},"6":{"start":{"line":16,"column":11},"end":{"line":19,"column":5}},"7":{"start":{"line":18,"column":6},"end":{"line":18,"column":44}},"8":{"start":{"line":21,"column":4},"end":{"line":21,"column":74}},"9":{"start":{"line":26,"column":2},"end":{"line":48,"column":3}},"10":{"start":{"line":27,"column":21},"end":{"line":35,"column":6}},"11":{"start":{"line":36,"column":4},"end":{"line":36,"column":40}},"12":{"start":{"line":38,"column":30},"end":{"line":38,"column":35}},"13":{"start":{"line":39,"column":4},"end":{"line":45,"column":5}},"14":{"start":{"line":41,"column":6},"end":{"line":41,"column":57}},"15":{"start":{"line":42,"column":11},"end":{"line":45,"column":5}},"16":{"start":{"line":44,"column":6},"end":{"line":44,"column":44}},"17":{"start":{"line":47,"column":4},"end":{"line":47,"column":74}}},"fnMap":{"0":{"name":"getApps","decl":{"start":{"line":3,"column":22},"end":{"line":3,"column":29}},"loc":{"start":{"line":3,"column":43},"end":{"line":23,"column":1}},"line":3},"1":{"name":"getUsers","decl":{"start":{"line":25,"column":22},"end":{"line":25,"column":30}},"loc":{"start":{"line":25,"column":81},"end":{"line":49,"column":1}},"line":25}},"branchMap":{"0":{"loc":{"start":{"line":12,"column":12},"end":{"line":12,"column":25}},"type":"default-arg","locations":[{"start":{"line":12,"column":23},"end":{"line":12,"column":25}}],"line":12},"1":{"loc":{"start":{"line":13,"column":4},"end":{"line":19,"column":5}},"type":"if","locations":[{"start":{"line":13,"column":4},"end":{"line":19,"column":5}},{"start":{"line":13,"column":4},"end":{"line":19,"column":5}}],"line":13},"2":{"loc":{"start":{"line":16,"column":11},"end":{"line":19,"column":5}},"type":"if","locations":[{"start":{"line":16,"column":11},"end":{"line":19,"column":5}},{"start":{"line":16,"column":11},"end":{"line":19,"column":5}}],"line":16},"3":{"loc":{"start":{"line":16,"column":15},"end":{"line":16,"column":51}},"type":"binary-expr","locations":[{"start":{"line":16,"column":15},"end":{"line":16,"column":28}},{"start":{"line":16,"column":32},"end":{"line":16,"column":51}}],"line":16},"4":{"loc":{"start":{"line":25,"column":44},"end":{"line":25,"column":79}},"type":"default-arg","locations":[{"start":{"line":25,"column":77},"end":{"line":25,"column":79}}],"line":25},"5":{"loc":{"start":{"line":25,"column":50},"end":{"line":25,"column":60}},"type":"default-arg","locations":[{"start":{"line":25,"column":59},"end":{"line":25,"column":60}}],"line":25},"6":{"loc":{"start":{"line":25,"column":62},"end":{"line":25,"column":72}},"type":"default-arg","locations":[{"start":{"line":25,"column":70},"end":{"line":25,"column":72}}],"line":25},"7":{"loc":{"start":{"line":38,"column":12},"end":{"line":38,"column":25}},"type":"default-arg","locations":[{"start":{"line":38,"column":23},"end":{"line":38,"column":25}}],"line":38},"8":{"loc":{"start":{"line":39,"column":4},"end":{"line":45,"column":5}},"type":"if","locations":[{"start":{"line":39,"column":4},"end":{"line":45,"column":5}},{"start":{"line":39,"column":4},"end":{"line":45,"column":5}}],"line":39},"9":{"loc":{"start":{"line":42,"column":11},"end":{"line":45,"column":5}},"type":"if","locations":[{"start":{"line":42,"column":11},"end":{"line":45,"column":5}},{"start":{"line":42,"column":11},"end":{"line":45,"column":5}}],"line":42},"10":{"loc":{"start":{"line":42,"column":15},"end":{"line":42,"column":51}},"type":"binary-expr","locations":[{"start":{"line":42,"column":15},"end":{"line":42,"column":28}},{"start":{"line":42,"column":32},"end":{"line":42,"column":51}}],"line":42}},"s":{"0":3,"1":3,"2":1,"3":2,"4":2,"5":1,"6":1,"7":0,"8":1,"9":3,"10":3,"11":1,"12":2,"13":2,"14":1,"15":1,"16":0,"17":1},"f":{"0":3,"1":3},"b":{"0":[1],"1":[1,1],"2":[0,1],"3":[1,0],"4":[3],"5":[3],"6":[3],"7":[1],"8":[1,1],"9":[0,1],"10":[1,0]},"_coverageSchema":"332fd63041d2c1bcb487cc26dd0d5f7d97098a6c","hash":"a835a9e4b79e21ab4d61beb9033faaf821c44d88"}
,"/Users/dylan/Documents/Git/monzo-code-challenge/src/api/auth.js": {"path":"/Users/dylan/Documents/Git/monzo-code-challenge/src/api/auth.js","statementMap":{"0":{"start":{"line":4,"column":2},"end":{"line":20,"column":3}},"1":{"start":{"line":5,"column":21},"end":{"line":9,"column":6}},"2":{"start":{"line":11,"column":4},"end":{"line":11,"column":54}},"3":{"start":{"line":13,"column":30},"end":{"line":13,"column":35}},"4":{"start":{"line":15,"column":4},"end":{"line":17,"column":5}},"5":{"start":{"line":16,"column":6},"end":{"line":16,"column":44}},"6":{"start":{"line":19,"column":4},"end":{"line":19,"column":74}},"7":{"start":{"line":24,"column":2},"end":{"line":35,"column":3}},"8":{"start":{"line":25,"column":4},"end":{"line":29,"column":7}},"9":{"start":{"line":31,"column":4},"end":{"line":31,"column":16}},"10":{"start":{"line":34,"column":4},"end":{"line":34,"column":17}}},"fnMap":{"0":{"name":"signIn","decl":{"start":{"line":3,"column":22},"end":{"line":3,"column":28}},"loc":{"start":{"line":3,"column":66},"end":{"line":21,"column":1}},"line":3},"1":{"name":"validateToken","decl":{"start":{"line":23,"column":22},"end":{"line":23,"column":35}},"loc":{"start":{"line":23,"column":49},"end":{"line":36,"column":1}},"line":23}},"branchMap":{"0":{"loc":{"start":{"line":3,"column":29},"end":{"line":3,"column":64}},"type":"default-arg","locations":[{"start":{"line":3,"column":62},"end":{"line":3,"column":64}}],"line":3},"1":{"loc":{"start":{"line":13,"column":12},"end":{"line":13,"column":25}},"type":"default-arg","locations":[{"start":{"line":13,"column":23},"end":{"line":13,"column":25}}],"line":13},"2":{"loc":{"start":{"line":15,"column":4},"end":{"line":17,"column":5}},"type":"if","locations":[{"start":{"line":15,"column":4},"end":{"line":17,"column":5}},{"start":{"line":15,"column":4},"end":{"line":17,"column":5}}],"line":15},"3":{"loc":{"start":{"line":15,"column":8},"end":{"line":15,"column":44}},"type":"binary-expr","locations":[{"start":{"line":15,"column":8},"end":{"line":15,"column":21}},{"start":{"line":15,"column":25},"end":{"line":15,"column":44}}],"line":15}},"s":{"0":3,"1":3,"2":1,"3":2,"4":2,"5":1,"6":1,"7":2,"8":2,"9":1,"10":1},"f":{"0":3,"1":2},"b":{"0":[3],"1":[1],"2":[1,1],"3":[2,1]},"_coverageSchema":"332fd63041d2c1bcb487cc26dd0d5f7d97098a6c","hash":"ec784f8298789b4166094e852577543886abc3ec"}
,"/Users/dylan/Documents/Git/monzo-code-challenge/src/components/AppDetail/AppDetail.jsx": {"path":"/Users/dylan/Documents/Git/monzo-code-challenge/src/components/AppDetail/AppDetail.jsx","statementMap":{"0":{"start":{"line":29,"column":4},"end":{"line":29,"column":25}},"1":{"start":{"line":33,"column":19},"end":{"line":33,"column":45}},"2":{"start":{"line":34,"column":16},"end":{"line":34,"column":60}},"3":{"start":{"line":34,"column":45},"end":{"line":34,"column":59}},"4":{"start":{"line":37,"column":4},"end":{"line":39,"column":5}},"5":{"start":{"line":38,"column":6},"end":{"line":38,"column":25}},"6":{"start":{"line":41,"column":4},"end":{"line":44,"column":6}},"7":{"start":{"line":48,"column":22},"end":{"line":48,"column":32}},"8":{"start":{"line":49,"column":19},"end":{"line":49,"column":29}},"9":{"start":{"line":50,"column":4},"end":{"line":63,"column":5}},"10":{"start":{"line":51,"column":6},"end":{"line":59,"column":7}},"11":{"start":{"line":52,"column":8},"end":{"line":54,"column":10}},"12":{"start":{"line":55,"column":13},"end":{"line":59,"column":7}},"13":{"start":{"line":56,"column":8},"end":{"line":58,"column":10}},"14":{"start":{"line":60,"column":6},"end":{"line":62,"column":9}},"15":{"start":{"line":61,"column":8},"end":{"line":61,"column":50}},"16":{"start":{"line":64,"column":4},"end":{"line":64,"column":16}},"17":{"start":{"line":68,"column":22},"end":{"line":68,"column":32}},"18":{"start":{"line":69,"column":19},"end":{"line":69,"column":29}},"19":{"start":{"line":70,"column":24},"end":{"line":70,"column":47}},"20":{"start":{"line":71,"column":24},"end":{"line":71,"column":38}},"21":{"start":{"line":73,"column":4},"end":{"line":90,"column":6}},"22":{"start":{"line":77,"column":27},"end":{"line":77,"column":67}},"23":{"start":{"line":84,"column":27},"end":{"line":84,"column":67}},"24":{"start":{"line":94,"column":21},"end":{"line":94,"column":31}},"25":{"start":{"line":95,"column":24},"end":{"line":95,"column":34}},"26":{"start":{"line":97,"column":4},"end":{"line":122,"column":5}},"27":{"start":{"line":98,"column":6},"end":{"line":117,"column":8}},"28":{"start":{"line":118,"column":11},"end":{"line":122,"column":5}},"29":{"start":{"line":119,"column":6},"end":{"line":121,"column":8}},"30":{"start":{"line":123,"column":4},"end":{"line":127,"column":6}}},"fnMap":{"0":{"name":"(anonymous_0)","decl":{"start":{"line":11,"column":13},"end":{"line":11,"column":14}},"loc":{"start":{"line":11,"column":19},"end":{"line":11,"column":21}},"line":11},"1":{"name":"(anonymous_1)","decl":{"start":{"line":12,"column":14},"end":{"line":12,"column":15}},"loc":{"start":{"line":12,"column":20},"end":{"line":12,"column":22}},"line":12},"2":{"name":"(anonymous_2)","decl":{"start":{"line":28,"column":2},"end":{"line":28,"column":3}},"loc":{"start":{"line":28,"column":22},"end":{"line":30,"column":3}},"line":28},"3":{"name":"(anonymous_3)","decl":{"start":{"line":32,"column":2},"end":{"line":32,"column":3}},"loc":{"start":{"line":32,"column":52},"end":{"line":45,"column":3}},"line":32},"4":{"name":"(anonymous_4)","decl":{"start":{"line":34,"column":37},"end":{"line":34,"column":38}},"loc":{"start":{"line":34,"column":45},"end":{"line":34,"column":59}},"line":34},"5":{"name":"(anonymous_5)","decl":{"start":{"line":47,"column":24},"end":{"line":47,"column":25}},"loc":{"start":{"line":47,"column":30},"end":{"line":65,"column":3}},"line":47},"6":{"name":"(anonymous_6)","decl":{"start":{"line":60,"column":28},"end":{"line":60,"column":29}},"loc":{"start":{"line":61,"column":8},"end":{"line":61,"column":50}},"line":61},"7":{"name":"(anonymous_7)","decl":{"start":{"line":67,"column":30},"end":{"line":67,"column":31}},"loc":{"start":{"line":67,"column":36},"end":{"line":91,"column":3}},"line":67},"8":{"name":"(anonymous_8)","decl":{"start":{"line":77,"column":19},"end":{"line":77,"column":20}},"loc":{"start":{"line":77,"column":25},"end":{"line":77,"column":69}},"line":77},"9":{"name":"(anonymous_9)","decl":{"start":{"line":84,"column":19},"end":{"line":84,"column":20}},"loc":{"start":{"line":84,"column":25},"end":{"line":84,"column":69}},"line":84},"10":{"name":"(anonymous_10)","decl":{"start":{"line":93,"column":2},"end":{"line":93,"column":3}},"loc":{"start":{"line":93,"column":11},"end":{"line":128,"column":3}},"line":93}},"branchMap":{"0":{"loc":{"start":{"line":37,"column":4},"end":{"line":39,"column":5}},"type":"if","locations":[{"start":{"line":37,"column":4},"end":{"line":39,"column":5}},{"start":{"line":37,"column":4},"end":{"line":39,"column":5}}],"line":37},"1":{"loc":{"start":{"line":37,"column":8},"end":{"line":37,"column":81}},"type":"binary-expr","locations":[{"start":{"line":37,"column":8},"end":{"line":37,"column":11}},{"start":{"line":37,"column":17},"end":{"line":37,"column":30}},{"start":{"line":37,"column":34},"end":{"line":37,"column":61}},{"start":{"line":37,"column":66},"end":{"line":37,"column":80}}],"line":37},"2":{"loc":{"start":{"line":50,"column":4},"end":{"line":63,"column":5}},"type":"if","locations":[{"start":{"line":50,"column":4},"end":{"line":63,"column":5}},{"start":{"line":50,"column":4},"end":{"line":63,"column":5}}],"line":50},"3":{"loc":{"start":{"line":51,"column":6},"end":{"line":59,"column":7}},"type":"if","locations":[{"start":{"line":51,"column":6},"end":{"line":59,"column":7}},{"start":{"line":51,"column":6},"end":{"line":59,"column":7}}],"line":51},"4":{"loc":{"start":{"line":51,"column":10},"end":{"line":51,"column":50}},"type":"binary-expr","locations":[{"start":{"line":51,"column":10},"end":{"line":51,"column":23}},{"start":{"line":51,"column":27},"end":{"line":51,"column":50}}],"line":51},"5":{"loc":{"start":{"line":55,"column":13},"end":{"line":59,"column":7}},"type":"if","locations":[{"start":{"line":55,"column":13},"end":{"line":59,"column":7}},{"start":{"line":55,"column":13},"end":{"line":59,"column":7}}],"line":55},"6":{"loc":{"start":{"line":97,"column":4},"end":{"line":122,"column":5}},"type":"if","locations":[{"start":{"line":97,"column":4},"end":{"line":122,"column":5}},{"start":{"line":97,"column":4},"end":{"line":122,"column":5}}],"line":97},"7":{"loc":{"start":{"line":118,"column":11},"end":{"line":122,"column":5}},"type":"if","locations":[{"start":{"line":118,"column":11},"end":{"line":122,"column":5}},{"start":{"line":118,"column":11},"end":{"line":122,"column":5}}],"line":118}},"s":{"0":10,"1":10,"2":10,"3":7,"4":10,"5":7,"6":10,"7":7,"8":7,"9":7,"10":7,"11":0,"12":7,"13":0,"14":7,"15":109,"16":0,"17":7,"18":7,"19":7,"20":7,"21":7,"22":1,"23":1,"24":10,"25":10,"26":10,"27":7,"28":3,"29":1,"30":2},"f":{"0":10,"1":5,"2":10,"3":10,"4":7,"5":7,"6":109,"7":7,"8":1,"9":1,"10":10},"b":{"0":[7,3],"1":[10,7,0,7],"2":[7,0],"3":[0,7],"4":[7,0],"5":[0,7],"6":[7,3],"7":[1,2]},"_coverageSchema":"332fd63041d2c1bcb487cc26dd0d5f7d97098a6c","hash":"d98d48ad08c06f4fe3d08810aa7ec184538e7131"}
,"/Users/dylan/Documents/Git/monzo-code-challenge/src/components/AppDetail/index.js": {"path":"/Users/dylan/Documents/Git/monzo-code-challenge/src/components/AppDetail/index.js","statementMap":{},"fnMap":{},"branchMap":{},"s":{},"f":{},"b":{},"_coverageSchema":"332fd63041d2c1bcb487cc26dd0d5f7d97098a6c","hash":"18c1fca3a015af469a8a5e6e6543f139c3799f1b"}
,"/Users/dylan/Documents/Git/monzo-code-challenge/src/components/AppList/AppList.jsx": {"path":"/Users/dylan/Documents/Git/monzo-code-challenge/src/components/AppList/AppList.jsx","statementMap":{"0":{"start":{"line":16,"column":4},"end":{"line":16,"column":25}},"1":{"start":{"line":20,"column":26},"end":{"line":20,"column":41}},"2":{"start":{"line":22,"column":4},"end":{"line":24,"column":7}},"3":{"start":{"line":23,"column":6},"end":{"line":23,"column":44}},"4":{"start":{"line":28,"column":21},"end":{"line":28,"column":31}},"5":{"start":{"line":29,"column":4},"end":{"line":43,"column":6}}},"fnMap":{"0":{"name":"(anonymous_0)","decl":{"start":{"line":7,"column":13},"end":{"line":7,"column":14}},"loc":{"start":{"line":7,"column":19},"end":{"line":7,"column":21}},"line":7},"1":{"name":"(anonymous_1)","decl":{"start":{"line":15,"column":2},"end":{"line":15,"column":3}},"loc":{"start":{"line":15,"column":22},"end":{"line":17,"column":3}},"line":15},"2":{"name":"(anonymous_2)","decl":{"start":{"line":19,"column":2},"end":{"line":19,"column":3}},"loc":{"start":{"line":19,"column":23},"end":{"line":25,"column":3}},"line":19},"3":{"name":"(anonymous_3)","decl":{"start":{"line":22,"column":20},"end":{"line":22,"column":21}},"loc":{"start":{"line":23,"column":6},"end":{"line":23,"column":44}},"line":23},"4":{"name":"(anonymous_4)","decl":{"start":{"line":27,"column":2},"end":{"line":27,"column":3}},"loc":{"start":{"line":27,"column":11},"end":{"line":44,"column":3}},"line":27}},"branchMap":{"0":{"loc":{"start":{"line":20,"column":12},"end":{"line":20,"column":21}},"type":"default-arg","locations":[{"start":{"line":20,"column":19},"end":{"line":20,"column":21}}],"line":20},"1":{"loc":{"start":{"line":32,"column":9},"end":{"line":35,"column":16}},"type":"binary-expr","locations":[{"start":{"line":32,"column":9},"end":{"line":32,"column":21}},{"start":{"line":33,"column":10},"end":{"line":35,"column":16}}],"line":32},"2":{"loc":{"start":{"line":37,"column":9},"end":{"line":40,"column":35}},"type":"cond-expr","locations":[{"start":{"line":38,"column":10},"end":{"line":38,"column":55}},{"start":{"line":40,"column":10},"end":{"line":40,"column":35}}],"line":37}},"s":{"0":4,"1":4,"2":4,"3":2,"4":4,"5":4},"f":{"0":3,"1":4,"2":4,"3":2,"4":4},"b":{"0":[0],"1":[4,1],"2":[0,4]},"_coverageSchema":"332fd63041d2c1bcb487cc26dd0d5f7d97098a6c","hash":"929b190373ccb4732e767493eb3e8d9d0847a4ac"}
,"/Users/dylan/Documents/Git/monzo-code-challenge/src/components/AppList/index.js": {"path":"/Users/dylan/Documents/Git/monzo-code-challenge/src/components/AppList/index.js","statementMap":{},"fnMap":{},"branchMap":{},"s":{},"f":{},"b":{},"_coverageSchema":"332fd63041d2c1bcb487cc26dd0d5f7d97098a6c","hash":"bf18e982aafc8a23e99063f691c18d0274c1b181"}
,"/Users/dylan/Documents/Git/monzo-code-challenge/src/components/AppListItem/AppListItem.jsx": {"path":"/Users/dylan/Documents/Git/monzo-code-challenge/src/components/AppListItem/AppListItem.jsx","statementMap":{"0":{"start":{"line":7,"column":20},"end":{"line":21,"column":1}},"1":{"start":{"line":8,"column":2},"end":{"line":20,"column":9}}},"fnMap":{"0":{"name":"(anonymous_0)","decl":{"start":{"line":7,"column":20},"end":{"line":7,"column":21}},"loc":{"start":{"line":8,"column":2},"end":{"line":20,"column":9}},"line":8}},"branchMap":{"0":{"loc":{"start":{"line":7,"column":23},"end":{"line":7,"column":31}},"type":"default-arg","locations":[{"start":{"line":7,"column":29},"end":{"line":7,"column":31}}],"line":7}},"s":{"0":3,"1":2},"f":{"0":2},"b":{"0":[1]},"_coverageSchema":"332fd63041d2c1bcb487cc26dd0d5f7d97098a6c","hash":"1169e1a04321364c13fe5eff45c4e70340394e33"}
,"/Users/dylan/Documents/Git/monzo-code-challenge/src/components/AppListItem/index.js": {"path":"/Users/dylan/Documents/Git/monzo-code-challenge/src/components/AppListItem/index.js","statementMap":{},"fnMap":{},"branchMap":{},"s":{},"f":{},"b":{},"_coverageSchema":"332fd63041d2c1bcb487cc26dd0d5f7d97098a6c","hash":"f7812750295c8f2bfe941923741de960d944663a"}
,"/Users/dylan/Documents/Git/monzo-code-challenge/src/components/Authenticate/Authenticate.jsx": {"path":"/Users/dylan/Documents/Git/monzo-code-challenge/src/components/Authenticate/Authenticate.jsx","statementMap":{"0":{"start":{"line":17,"column":4},"end":{"line":19,"column":7}},"1":{"start":{"line":23,"column":4},"end":{"line":23,"column":34}},"2":{"start":{"line":27,"column":21},"end":{"line":27,"column":31}},"3":{"start":{"line":28,"column":35},"end":{"line":28,"column":45}},"4":{"start":{"line":30,"column":4},"end":{"line":66,"column":6}},"5":{"start":{"line":40,"column":12},"end":{"line":40,"column":31}},"6":{"start":{"line":41,"column":12},"end":{"line":41,"column":28}}},"fnMap":{"0":{"name":"(anonymous_0)","decl":{"start":{"line":8,"column":12},"end":{"line":8,"column":13}},"loc":{"start":{"line":8,"column":18},"end":{"line":8,"column":20}},"line":8},"1":{"name":"(anonymous_1)","decl":{"start":{"line":16,"column":13},"end":{"line":16,"column":14}},"loc":{"start":{"line":16,"column":20},"end":{"line":20,"column":3}},"line":16},"2":{"name":"(anonymous_2)","decl":{"start":{"line":22,"column":13},"end":{"line":22,"column":14}},"loc":{"start":{"line":22,"column":19},"end":{"line":24,"column":3}},"line":22},"3":{"name":"(anonymous_3)","decl":{"start":{"line":26,"column":2},"end":{"line":26,"column":3}},"loc":{"start":{"line":26,"column":11},"end":{"line":67,"column":3}},"line":26},"4":{"name":"(anonymous_4)","decl":{"start":{"line":39,"column":20},"end":{"line":39,"column":21}},"loc":{"start":{"line":39,"column":27},"end":{"line":42,"column":11}},"line":39}},"branchMap":{"0":{"loc":{"start":{"line":33,"column":9},"end":{"line":36,"column":16}},"type":"binary-expr","locations":[{"start":{"line":33,"column":9},"end":{"line":33,"column":21}},{"start":{"line":34,"column":10},"end":{"line":36,"column":16}}],"line":33},"1":{"loc":{"start":{"line":62,"column":19},"end":{"line":62,"column":61}},"type":"cond-expr","locations":[{"start":{"line":62,"column":34},"end":{"line":62,"column":49}},{"start":{"line":62,"column":52},"end":{"line":62,"column":61}}],"line":62}},"s":{"0":1,"1":3,"2":8,"3":8,"4":8,"5":3,"6":3},"f":{"0":0,"1":1,"2":3,"3":8,"4":3},"b":{"0":[8,0],"1":[0,8]},"_coverageSchema":"332fd63041d2c1bcb487cc26dd0d5f7d97098a6c","hash":"2533a014b29d1d254713ead6c6d51507bb3ebcd8"}
,"/Users/dylan/Documents/Git/monzo-code-challenge/src/components/Authenticate/index.js": {"path":"/Users/dylan/Documents/Git/monzo-code-challenge/src/components/Authenticate/index.js","statementMap":{},"fnMap":{},"branchMap":{},"s":{},"f":{},"b":{},"_coverageSchema":"332fd63041d2c1bcb487cc26dd0d5f7d97098a6c","hash":"ad424714775f3325b20efe44bb0ce7b0917c7e4a"}
,"/Users/dylan/Documents/Git/monzo-code-challenge/src/components/UserListItem/UserListItem.jsx": {"path":"/Users/dylan/Documents/Git/monzo-code-challenge/src/components/UserListItem/UserListItem.jsx","statementMap":{"0":{"start":{"line":5,"column":21},"end":{"line":17,"column":1}},"1":{"start":{"line":6,"column":2},"end":{"line":16,"column":8}}},"fnMap":{"0":{"name":"(anonymous_0)","decl":{"start":{"line":5,"column":21},"end":{"line":5,"column":22}},"loc":{"start":{"line":6,"column":2},"end":{"line":16,"column":8}},"line":6}},"branchMap":{"0":{"loc":{"start":{"line":5,"column":24},"end":{"line":5,"column":33}},"type":"default-arg","locations":[{"start":{"line":5,"column":31},"end":{"line":5,"column":33}}],"line":5},"1":{"loc":{"start":{"line":14,"column":7},"end":{"line":14,"column":49}},"type":"cond-expr","locations":[{"start":{"line":14,"column":20},"end":{"line":14,"column":44}},{"start":{"line":14,"column":47},"end":{"line":14,"column":49}}],"line":14}},"s":{"0":3,"1":1},"f":{"0":1},"b":{"0":[1],"1":[0,1]},"_coverageSchema":"332fd63041d2c1bcb487cc26dd0d5f7d97098a6c","hash":"34c150f041722167082a413e0d13d1540f338e53"}
,"/Users/dylan/Documents/Git/monzo-code-challenge/src/components/UserListItem/index.js": {"path":"/Users/dylan/Documents/Git/monzo-code-challenge/src/components/UserListItem/index.js","statementMap":{},"fnMap":{},"branchMap":{},"s":{},"f":{},"b":{},"_coverageSchema":"332fd63041d2c1bcb487cc26dd0d5f7d97098a6c","hash":"b626acd7a252efe1617a849369add6b72846a208"}
,"/Users/dylan/Documents/Git/monzo-code-challenge/src/containers/App/App.jsx": {"path":"/Users/dylan/Documents/Git/monzo-code-challenge/src/containers/App/App.jsx","statementMap":{"0":{"start":{"line":36,"column":21},"end":{"line":36,"column":31}},"1":{"start":{"line":39,"column":4},"end":{"line":51,"column":5}},"2":{"start":{"line":40,"column":22},"end":{"line":40,"column":59}},"3":{"start":{"line":41,"column":6},"end":{"line":50,"column":7}},"4":{"start":{"line":42,"column":8},"end":{"line":42,"column":47}},"5":{"start":{"line":43,"column":8},"end":{"line":49,"column":12}},"6":{"start":{"line":43,"column":32},"end":{"line":49,"column":9}},"7":{"start":{"line":56,"column":4},"end":{"line":63,"column":8}},"8":{"start":{"line":56,"column":28},"end":{"line":63,"column":5}},"9":{"start":{"line":66,"column":21},"end":{"line":66,"column":46}},"10":{"start":{"line":68,"column":4},"end":{"line":89,"column":5}},"11":{"start":{"line":70,"column":6},"end":{"line":70,"column":64}},"12":{"start":{"line":72,"column":6},"end":{"line":79,"column":10}},"13":{"start":{"line":72,"column":30},"end":{"line":79,"column":7}},"14":{"start":{"line":82,"column":6},"end":{"line":88,"column":9}},"15":{"start":{"line":94,"column":4},"end":{"line":94,"column":43}},"16":{"start":{"line":96,"column":4},"end":{"line":103,"column":8}},"17":{"start":{"line":96,"column":28},"end":{"line":103,"column":5}},"18":{"start":{"line":108,"column":4},"end":{"line":114,"column":8}},"19":{"start":{"line":108,"column":28},"end":{"line":114,"column":5}},"20":{"start":{"line":116,"column":21},"end":{"line":116,"column":63}},"21":{"start":{"line":117,"column":4},"end":{"line":144,"column":5}},"22":{"start":{"line":119,"column":6},"end":{"line":124,"column":9}},"23":{"start":{"line":125,"column":11},"end":{"line":144,"column":5}},"24":{"start":{"line":127,"column":6},"end":{"line":134,"column":9}},"25":{"start":{"line":133,"column":8},"end":{"line":133,"column":37}},"26":{"start":{"line":137,"column":6},"end":{"line":143,"column":9}},"27":{"start":{"line":149,"column":4},"end":{"line":157,"column":8}},"28":{"start":{"line":149,"column":28},"end":{"line":157,"column":5}},"29":{"start":{"line":159,"column":21},"end":{"line":162,"column":5}},"30":{"start":{"line":163,"column":4},"end":{"line":196,"column":5}},"31":{"start":{"line":165,"column":6},"end":{"line":172,"column":9}},"32":{"start":{"line":173,"column":11},"end":{"line":196,"column":5}},"33":{"start":{"line":175,"column":6},"end":{"line":184,"column":9}},"34":{"start":{"line":183,"column":8},"end":{"line":183,"column":37}},"35":{"start":{"line":187,"column":6},"end":{"line":195,"column":9}},"36":{"start":{"line":200,"column":34},"end":{"line":200,"column":44}},"37":{"start":{"line":202,"column":4},"end":{"line":243,"column":6}},"38":{"start":{"line":210,"column":16},"end":{"line":213,"column":83}},"39":{"start":{"line":220,"column":16},"end":{"line":220,"column":78}},"40":{"start":{"line":229,"column":16},"end":{"line":235,"column":18}}},"fnMap":{"0":{"name":"(anonymous_0)","decl":{"start":{"line":35,"column":2},"end":{"line":35,"column":3}},"loc":{"start":{"line":35,"column":28},"end":{"line":52,"column":3}},"line":35},"1":{"name":"(anonymous_1)","decl":{"start":{"line":43,"column":22},"end":{"line":43,"column":23}},"loc":{"start":{"line":43,"column":32},"end":{"line":49,"column":9}},"line":43},"2":{"name":"(anonymous_2)","decl":{"start":{"line":54,"column":11},"end":{"line":54,"column":12}},"loc":{"start":{"line":54,"column":27},"end":{"line":90,"column":3}},"line":54},"3":{"name":"(anonymous_3)","decl":{"start":{"line":56,"column":18},"end":{"line":56,"column":19}},"loc":{"start":{"line":56,"column":28},"end":{"line":63,"column":5}},"line":56},"4":{"name":"(anonymous_4)","decl":{"start":{"line":72,"column":20},"end":{"line":72,"column":21}},"loc":{"start":{"line":72,"column":30},"end":{"line":79,"column":7}},"line":72},"5":{"name":"(anonymous_5)","decl":{"start":{"line":92,"column":12},"end":{"line":92,"column":13}},"loc":{"start":{"line":92,"column":25},"end":{"line":104,"column":3}},"line":92},"6":{"name":"(anonymous_6)","decl":{"start":{"line":96,"column":18},"end":{"line":96,"column":19}},"loc":{"start":{"line":96,"column":28},"end":{"line":103,"column":5}},"line":96},"7":{"name":"(anonymous_7)","decl":{"start":{"line":106,"column":12},"end":{"line":106,"column":13}},"loc":{"start":{"line":106,"column":24},"end":{"line":145,"column":3}},"line":106},"8":{"name":"(anonymous_8)","decl":{"start":{"line":108,"column":18},"end":{"line":108,"column":19}},"loc":{"start":{"line":108,"column":28},"end":{"line":114,"column":5}},"line":108},"9":{"name":"(anonymous_9)","decl":{"start":{"line":132,"column":9},"end":{"line":132,"column":10}},"loc":{"start":{"line":132,"column":15},"end":{"line":134,"column":7}},"line":132},"10":{"name":"(anonymous_10)","decl":{"start":{"line":147,"column":13},"end":{"line":147,"column":14}},"loc":{"start":{"line":147,"column":37},"end":{"line":197,"column":3}},"line":147},"11":{"name":"(anonymous_11)","decl":{"start":{"line":149,"column":18},"end":{"line":149,"column":19}},"loc":{"start":{"line":149,"column":28},"end":{"line":157,"column":5}},"line":149},"12":{"name":"(anonymous_12)","decl":{"start":{"line":182,"column":9},"end":{"line":182,"column":10}},"loc":{"start":{"line":182,"column":15},"end":{"line":184,"column":7}},"line":182},"13":{"name":"(anonymous_13)","decl":{"start":{"line":199,"column":2},"end":{"line":199,"column":3}},"loc":{"start":{"line":199,"column":11},"end":{"line":244,"column":3}},"line":199},"14":{"name":"(anonymous_14)","decl":{"start":{"line":209,"column":22},"end":{"line":209,"column":23}},"loc":{"start":{"line":210,"column":16},"end":{"line":213,"column":83}},"line":210},"15":{"name":"(anonymous_15)","decl":{"start":{"line":219,"column":22},"end":{"line":219,"column":23}},"loc":{"start":{"line":220,"column":16},"end":{"line":220,"column":78}},"line":220},"16":{"name":"(anonymous_16)","decl":{"start":{"line":228,"column":22},"end":{"line":228,"column":23}},"loc":{"start":{"line":229,"column":16},"end":{"line":235,"column":18}},"line":229}},"branchMap":{"0":{"loc":{"start":{"line":39,"column":4},"end":{"line":51,"column":5}},"type":"if","locations":[{"start":{"line":39,"column":4},"end":{"line":51,"column":5}},{"start":{"line":39,"column":4},"end":{"line":51,"column":5}}],"line":39},"1":{"loc":{"start":{"line":41,"column":6},"end":{"line":50,"column":7}},"type":"if","locations":[{"start":{"line":41,"column":6},"end":{"line":50,"column":7}},{"start":{"line":41,"column":6},"end":{"line":50,"column":7}}],"line":41},"2":{"loc":{"start":{"line":68,"column":4},"end":{"line":89,"column":5}},"type":"if","locations":[{"start":{"line":68,"column":4},"end":{"line":89,"column":5}},{"start":{"line":68,"column":4},"end":{"line":89,"column":5}}],"line":68},"3":{"loc":{"start":{"line":117,"column":4},"end":{"line":144,"column":5}},"type":"if","locations":[{"start":{"line":117,"column":4},"end":{"line":144,"column":5}},{"start":{"line":117,"column":4},"end":{"line":144,"column":5}}],"line":117},"4":{"loc":{"start":{"line":125,"column":11},"end":{"line":144,"column":5}},"type":"if","locations":[{"start":{"line":125,"column":11},"end":{"line":144,"column":5}},{"start":{"line":125,"column":11},"end":{"line":144,"column":5}}],"line":125},"5":{"loc":{"start":{"line":147,"column":24},"end":{"line":147,"column":32}},"type":"default-arg","locations":[{"start":{"line":147,"column":31},"end":{"line":147,"column":32}}],"line":147},"6":{"loc":{"start":{"line":152,"column":14},"end":{"line":152,"column":59}},"type":"cond-expr","locations":[{"start":{"line":152,"column":38},"end":{"line":152,"column":54}},{"start":{"line":152,"column":57},"end":{"line":152,"column":59}}],"line":152},"7":{"loc":{"start":{"line":163,"column":4},"end":{"line":196,"column":5}},"type":"if","locations":[{"start":{"line":163,"column":4},"end":{"line":196,"column":5}},{"start":{"line":163,"column":4},"end":{"line":196,"column":5}}],"line":163},"8":{"loc":{"start":{"line":173,"column":11},"end":{"line":196,"column":5}},"type":"if","locations":[{"start":{"line":173,"column":11},"end":{"line":196,"column":5}},{"start":{"line":173,"column":11},"end":{"line":196,"column":5}}],"line":173},"9":{"loc":{"start":{"line":210,"column":16},"end":{"line":213,"column":83}},"type":"cond-expr","locations":[{"start":{"line":211,"column":18},"end":{"line":211,"column":41}},{"start":{"line":213,"column":18},"end":{"line":213,"column":83}}],"line":210}},"s":{"0":1,"1":1,"2":0,"3":0,"4":0,"5":0,"6":0,"7":0,"8":0,"9":0,"10":0,"11":0,"12":0,"13":0,"14":0,"15":0,"16":0,"17":0,"18":0,"19":0,"20":0,"21":0,"22":0,"23":0,"24":0,"25":0,"26":0,"27":0,"28":0,"29":0,"30":0,"31":0,"32":0,"33":0,"34":0,"35":0,"36":1,"37":1,"38":0,"39":0,"40":0},"f":{"0":1,"1":0,"2":0,"3":0,"4":0,"5":0,"6":0,"7":0,"8":0,"9":0,"10":0,"11":0,"12":0,"13":1,"14":0,"15":0,"16":0},"b":{"0":[0,1],"1":[0,0],"2":[0,0],"3":[0,0],"4":[0,0],"5":[0],"6":[0,0],"7":[0,0],"8":[0,0],"9":[0,0]},"_coverageSchema":"332fd63041d2c1bcb487cc26dd0d5f7d97098a6c","hash":"33abda0f7ec615b98c0c67c8fc43accca8ab7f49"}
,"/Users/dylan/Documents/Git/monzo-code-challenge/src/containers/PrivateRoute/PrivateRoute.jsx": {"path":"/Users/dylan/Documents/Git/monzo-code-challenge/src/containers/PrivateRoute/PrivateRoute.jsx","statementMap":{"0":{"start":{"line":5,"column":2},"end":{"line":7,"column":3}},"1":{"start":{"line":6,"column":4},"end":{"line":6,"column":24}},"2":{"start":{"line":8,"column":2},"end":{"line":10,"column":4}}},"fnMap":{"0":{"name":"(anonymous_0)","decl":{"start":{"line":4,"column":15},"end":{"line":4,"column":16}},"loc":{"start":{"line":4,"column":68},"end":{"line":11,"column":1}},"line":4}},"branchMap":{"0":{"loc":{"start":{"line":5,"column":2},"end":{"line":7,"column":3}},"type":"if","locations":[{"start":{"line":5,"column":2},"end":{"line":7,"column":3}},{"start":{"line":5,"column":2},"end":{"line":7,"column":3}}],"line":5}},"s":{"0":2,"1":1,"2":1},"f":{"0":2},"b":{"0":[1,1]},"_coverageSchema":"332fd63041d2c1bcb487cc26dd0d5f7d97098a6c","hash":"fef4416ca79a5f298d7b4444e417e8645577e973"}
,"/Users/dylan/Documents/Git/monzo-code-challenge/src/containers/PrivateRoute/index.js": {"path":"/Users/dylan/Documents/Git/monzo-code-challenge/src/containers/PrivateRoute/index.js","statementMap":{},"fnMap":{},"branchMap":{},"s":{},"f":{},"b":{},"_coverageSchema":"332fd63041d2c1bcb487cc26dd0d5f7d97098a6c","hash":"096ef82545c3092de77dcbea8f886c40424402ef"}
}
