TN:
SF:/Users/dylan/Documents/Git/monzo-code-challenge/setupTests.js
FNF:0
FNH:0
DA:4,9
DA:6,9
DA:7,9
DA:8,9
LF:4
LH:4
BRF:0
BRH:0
end_of_record
TN:
SF:/Users/dylan/Documents/Git/monzo-code-challenge/src/api/apps.js
FN:3,getApps
FN:25,updateApp
FN:29,getUsers
FNF:3
FNH:2
FNDA:3,getApps
FNDA:0,updateApp
FNDA:3,getUsers
DA:4,3
DA:5,3
DA:10,1
DA:12,2
DA:13,2
DA:15,1
DA:16,1
DA:18,0
DA:21,1
DA:26,0
DA:30,3
DA:31,3
DA:32,3
DA:41,1
DA:43,2
DA:44,2
DA:46,1
DA:47,1
DA:49,0
DA:52,1
LF:20
LH:17
BRDA:12,0,0,1
BRDA:13,1,0,1
BRDA:13,1,1,1
BRDA:16,2,0,0
BRDA:16,2,1,1
BRDA:16,3,0,1
BRDA:16,3,1,0
BRDA:29,4,0,3
BRDA:29,5,0,3
BRDA:29,6,0,3
BRDA:43,7,0,1
BRDA:44,8,0,1
BRDA:44,8,1,1
BRDA:47,9,0,0
BRDA:47,9,1,1
BRDA:47,10,0,1
BRDA:47,10,1,0
BRF:17
BRH:13
end_of_record
TN:
SF:/Users/dylan/Documents/Git/monzo-code-challenge/src/api/auth.js
FN:3,signIn
FN:23,validateToken
FNF:2
FNH:2
FNDA:3,signIn
FNDA:2,validateToken
DA:4,3
DA:5,3
DA:11,1
DA:13,2
DA:15,2
DA:16,1
DA:19,1
DA:24,2
DA:25,2
DA:31,1
DA:34,1
LF:11
LH:11
BRDA:3,0,0,3
BRDA:13,1,0,1
BRDA:15,2,0,1
BRDA:15,2,1,1
BRDA:15,3,0,2
BRDA:15,3,1,1
BRF:6
BRH:6
end_of_record
TN:
SF:/Users/dylan/Documents/Git/monzo-code-challenge/src/components/AppDetail/AppDetail.jsx
FN:7,(anonymous_0)
FN:23,(anonymous_1)
FN:27,(anonymous_2)
FN:29,(anonymous_3)
FN:42,(anonymous_4)
FN:46,(anonymous_5)
FN:51,(anonymous_6)
FNF:7
FNH:4
FNDA:3,(anonymous_0)
FNDA:3,(anonymous_1)
FNDA:3,(anonymous_2)
FNDA:0,(anonymous_3)
FNDA:0,(anonymous_4)
FNDA:0,(anonymous_5)
FNDA:3,(anonymous_6)
DA:24,3
DA:28,3
DA:29,3
DA:32,3
DA:33,0
DA:36,3
DA:43,0
DA:44,0
DA:45,0
DA:46,0
DA:47,0
DA:52,3
DA:53,3
DA:55,3
DA:56,0
DA:63,3
DA:64,1
DA:68,2
LF:18
LH:11
BRDA:32,0,0,0
BRDA:32,0,1,3
BRDA:32,1,0,3
BRDA:32,1,1,0
BRDA:32,1,2,0
BRDA:32,1,3,0
BRDA:45,2,0,0
BRDA:45,2,1,0
BRDA:55,3,0,0
BRDA:55,3,1,3
BRDA:63,4,0,1
BRDA:63,4,1,2
BRF:12
BRH:5
end_of_record
TN:
SF:/Users/dylan/Documents/Git/monzo-code-challenge/src/components/AppDetail/index.js
FNF:0
FNH:0
LF:0
LH:0
BRF:0
BRH:0
end_of_record
TN:
SF:/Users/dylan/Documents/Git/monzo-code-challenge/src/components/AppList/AppList.jsx
FN:7,(anonymous_0)
FN:15,(anonymous_1)
FN:19,(anonymous_2)
FN:22,(anonymous_3)
FN:27,(anonymous_4)
FNF:5
FNH:5
FNDA:3,(anonymous_0)
FNDA:4,(anonymous_1)
FNDA:4,(anonymous_2)
FNDA:2,(anonymous_3)
FNDA:4,(anonymous_4)
DA:16,4
DA:20,4
DA:22,4
DA:23,2
DA:28,4
DA:29,4
LF:6
LH:6
BRDA:20,0,0,0
BRDA:32,1,0,4
BRDA:32,1,1,1
BRDA:37,2,0,0
BRDA:37,2,1,4
BRF:5
BRH:3
end_of_record
TN:
SF:/Users/dylan/Documents/Git/monzo-code-challenge/src/components/AppList/index.js
FNF:0
FNH:0
LF:0
LH:0
BRF:0
BRH:0
end_of_record
TN:
SF:/Users/dylan/Documents/Git/monzo-code-challenge/src/components/AppListItem/AppListItem.jsx
FN:7,(anonymous_0)
FNF:1
FNH:1
FNDA:2,(anonymous_0)
DA:7,3
DA:8,2
LF:2
LH:2
BRDA:7,0,0,1
BRF:1
BRH:1
end_of_record
TN:
SF:/Users/dylan/Documents/Git/monzo-code-challenge/src/components/AppListItem/index.js
FNF:0
FNH:0
LF:0
LH:0
BRF:0
BRH:0
end_of_record
TN:
SF:/Users/dylan/Documents/Git/monzo-code-challenge/src/components/Authenticate/Authenticate.jsx
FN:8,(anonymous_0)
FN:16,(anonymous_1)
FN:22,(anonymous_2)
FN:26,(anonymous_3)
FN:39,(anonymous_4)
FNF:5
FNH:3
FNDA:0,(anonymous_0)
FNDA:0,(anonymous_1)
FNDA:3,(anonymous_2)
FNDA:6,(anonymous_3)
FNDA:3,(anonymous_4)
DA:17,0
DA:23,3
DA:27,6
DA:28,6
DA:30,6
DA:40,3
DA:41,3
LF:7
LH:6
BRDA:33,0,0,6
BRDA:33,0,1,0
BRDA:62,1,0,0
BRDA:62,1,1,6
BRF:4
BRH:2
end_of_record
TN:
SF:/Users/dylan/Documents/Git/monzo-code-challenge/src/components/Authenticate/index.js
FNF:0
FNH:0
LF:0
LH:0
BRF:0
BRH:0
end_of_record
TN:
SF:/Users/dylan/Documents/Git/monzo-code-challenge/src/components/UserListItem/UserListItem.jsx
FN:5,(anonymous_0)
FNF:1
FNH:1
FNDA:1,(anonymous_0)
DA:5,3
DA:6,1
LF:2
LH:2
BRDA:5,0,0,1
BRF:1
BRH:1
end_of_record
TN:
SF:/Users/dylan/Documents/Git/monzo-code-challenge/src/components/UserListItem/index.js
FNF:0
FNH:0
LF:0
LH:0
BRF:0
BRH:0
end_of_record
TN:
SF:/Users/dylan/Documents/Git/monzo-code-challenge/src/containers/App/App.jsx
FN:34,(anonymous_0)
FN:42,(anonymous_1)
FN:53,(anonymous_2)
FN:55,(anonymous_3)
FN:71,(anonymous_4)
FN:91,(anonymous_5)
FN:95,(anonymous_6)
FN:105,(anonymous_7)
FN:107,(anonymous_8)
FN:131,(anonymous_9)
FN:146,(anonymous_10)
FN:148,(anonymous_11)
FN:178,(anonymous_12)
FN:194,(anonymous_13)
FN:204,(anonymous_14)
FN:214,(anonymous_15)
FN:223,(anonymous_16)
FNF:17
FNH:2
FNDA:1,(anonymous_0)
FNDA:0,(anonymous_1)
FNDA:0,(anonymous_2)
FNDA:0,(anonymous_3)
FNDA:0,(anonymous_4)
FNDA:0,(anonymous_5)
FNDA:0,(anonymous_6)
FNDA:0,(anonymous_7)
FNDA:0,(anonymous_8)
FNDA:0,(anonymous_9)
FNDA:0,(anonymous_10)
FNDA:0,(anonymous_11)
FNDA:0,(anonymous_12)
FNDA:1,(anonymous_13)
FNDA:0,(anonymous_14)
FNDA:0,(anonymous_15)
FNDA:0,(anonymous_16)
DA:35,1
DA:38,1
DA:39,0
DA:40,0
DA:41,0
DA:42,0
DA:55,0
DA:65,0
DA:67,0
DA:69,0
DA:71,0
DA:81,0
DA:93,0
DA:95,0
DA:107,0
DA:115,0
DA:116,0
DA:118,0
DA:124,0
DA:126,0
DA:132,0
DA:136,0
DA:148,0
DA:157,0
DA:161,0
DA:163,0
DA:170,0
DA:172,0
DA:179,0
DA:183,0
DA:195,1
DA:197,1
DA:205,0
DA:215,0
DA:224,0
LF:35
LH:4
BRDA:38,0,0,0
BRDA:38,0,1,1
BRDA:40,1,0,0
BRDA:40,1,1,0
BRDA:67,2,0,0
BRDA:67,2,1,0
BRDA:116,3,0,0
BRDA:116,3,1,0
BRDA:124,4,0,0
BRDA:124,4,1,0
BRDA:146,5,0,0
BRDA:161,6,0,0
BRDA:161,6,1,0
BRDA:170,7,0,0
BRDA:170,7,1,0
BRDA:205,8,0,0
BRDA:205,8,1,0
BRF:17
BRH:1
end_of_record
TN:
SF:/Users/dylan/Documents/Git/monzo-code-challenge/src/containers/PrivateRoute/PrivateRoute.jsx
FN:4,(anonymous_0)
FNF:1
FNH:1
FNDA:2,(anonymous_0)
DA:5,2
DA:6,1
DA:8,1
LF:3
LH:3
BRDA:5,0,0,1
BRDA:5,0,1,1
BRF:2
BRH:2
end_of_record
TN:
SF:/Users/dylan/Documents/Git/monzo-code-challenge/src/containers/PrivateRoute/index.js
FNF:0
FNH:0
LF:0
LH:0
BRF:0
BRH:0
end_of_record
