TN:
SF:/Users/dylan/Documents/Git/monzo-code-challenge/setupTests.js
FNF:0
FNH:0
DA:4,9
DA:6,9
DA:7,9
DA:8,9
LF:4
LH:4
BRF:0
BRH:0
end_of_record
TN:
SF:/Users/dylan/Documents/Git/monzo-code-challenge/src/api/apps.js
FN:3,getApps
FN:25,getUsers
FNF:2
FNH:2
FNDA:3,getApps
FNDA:3,getUsers
DA:4,3
DA:5,3
DA:10,1
DA:12,2
DA:13,2
DA:15,1
DA:16,1
DA:18,0
DA:21,1
DA:26,3
DA:27,3
DA:36,1
DA:38,2
DA:39,2
DA:41,1
DA:42,1
DA:44,0
DA:47,1
LF:18
LH:16
BRDA:12,0,0,1
BRDA:13,1,0,1
BRDA:13,1,1,1
BRDA:16,2,0,0
BRDA:16,2,1,1
BRDA:16,3,0,1
BRDA:16,3,1,0
BRDA:25,4,0,3
BRDA:25,5,0,3
BRDA:25,6,0,3
BRDA:38,7,0,1
BRDA:39,8,0,1
BRDA:39,8,1,1
BRDA:42,9,0,0
BRDA:42,9,1,1
BRDA:42,10,0,1
BRDA:42,10,1,0
BRF:17
BRH:13
end_of_record
TN:
SF:/Users/dylan/Documents/Git/monzo-code-challenge/src/api/auth.js
FN:3,signIn
FN:23,validateToken
FNF:2
FNH:2
FNDA:3,signIn
FNDA:2,validateToken
DA:4,3
DA:5,3
DA:11,1
DA:13,2
DA:15,2
DA:16,1
DA:19,1
DA:24,2
DA:25,2
DA:31,1
DA:34,1
LF:11
LH:11
BRDA:3,0,0,3
BRDA:13,1,0,1
BRDA:15,2,0,1
BRDA:15,2,1,1
BRDA:15,3,0,2
BRDA:15,3,1,1
BRF:6
BRH:6
end_of_record
TN:
SF:/Users/dylan/Documents/Git/monzo-code-challenge/src/components/AppDetail/AppDetail.jsx
FN:11,(anonymous_0)
FN:12,(anonymous_1)
FN:28,(anonymous_2)
FN:32,(anonymous_3)
FN:34,(anonymous_4)
FN:47,(anonymous_5)
FN:60,(anonymous_6)
FN:67,(anonymous_7)
FN:77,(anonymous_8)
FN:84,(anonymous_9)
FN:93,(anonymous_10)
FNF:11
FNH:11
FNDA:10,(anonymous_0)
FNDA:5,(anonymous_1)
FNDA:10,(anonymous_2)
FNDA:10,(anonymous_3)
FNDA:7,(anonymous_4)
FNDA:7,(anonymous_5)
FNDA:109,(anonymous_6)
FNDA:7,(anonymous_7)
FNDA:1,(anonymous_8)
FNDA:1,(anonymous_9)
FNDA:10,(anonymous_10)
DA:29,10
DA:33,10
DA:34,10
DA:37,10
DA:38,7
DA:41,10
DA:48,7
DA:49,7
DA:50,7
DA:51,7
DA:52,0
DA:55,7
DA:56,0
DA:60,7
DA:61,109
DA:64,0
DA:68,7
DA:69,7
DA:70,7
DA:71,7
DA:73,7
DA:77,1
DA:84,1
DA:94,10
DA:95,10
DA:97,10
DA:98,7
DA:118,3
DA:119,1
DA:123,2
LF:30
LH:27
BRDA:37,0,0,7
BRDA:37,0,1,3
BRDA:37,1,0,10
BRDA:37,1,1,7
BRDA:37,1,2,0
BRDA:37,1,3,7
BRDA:50,2,0,7
BRDA:50,2,1,0
BRDA:51,3,0,0
BRDA:51,3,1,7
BRDA:51,4,0,7
BRDA:51,4,1,0
BRDA:55,5,0,0
BRDA:55,5,1,7
BRDA:97,6,0,7
BRDA:97,6,1,3
BRDA:118,7,0,1
BRDA:118,7,1,2
BRF:18
BRH:13
end_of_record
TN:
SF:/Users/dylan/Documents/Git/monzo-code-challenge/src/components/AppDetail/index.js
FNF:0
FNH:0
LF:0
LH:0
BRF:0
BRH:0
end_of_record
TN:
SF:/Users/dylan/Documents/Git/monzo-code-challenge/src/components/AppList/AppList.jsx
FN:7,(anonymous_0)
FN:15,(anonymous_1)
FN:19,(anonymous_2)
FN:22,(anonymous_3)
FN:27,(anonymous_4)
FNF:5
FNH:5
FNDA:3,(anonymous_0)
FNDA:4,(anonymous_1)
FNDA:4,(anonymous_2)
FNDA:2,(anonymous_3)
FNDA:4,(anonymous_4)
DA:16,4
DA:20,4
DA:22,4
DA:23,2
DA:28,4
DA:29,4
LF:6
LH:6
BRDA:20,0,0,0
BRDA:32,1,0,4
BRDA:32,1,1,1
BRDA:37,2,0,0
BRDA:37,2,1,4
BRF:5
BRH:3
end_of_record
TN:
SF:/Users/dylan/Documents/Git/monzo-code-challenge/src/components/AppList/index.js
FNF:0
FNH:0
LF:0
LH:0
BRF:0
BRH:0
end_of_record
TN:
SF:/Users/dylan/Documents/Git/monzo-code-challenge/src/components/AppListItem/AppListItem.jsx
FN:7,(anonymous_0)
FNF:1
FNH:1
FNDA:2,(anonymous_0)
DA:7,3
DA:8,2
LF:2
LH:2
BRDA:7,0,0,1
BRF:1
BRH:1
end_of_record
TN:
SF:/Users/dylan/Documents/Git/monzo-code-challenge/src/components/AppListItem/index.js
FNF:0
FNH:0
LF:0
LH:0
BRF:0
BRH:0
end_of_record
TN:
SF:/Users/dylan/Documents/Git/monzo-code-challenge/src/components/Authenticate/Authenticate.jsx
FN:8,(anonymous_0)
FN:16,(anonymous_1)
FN:22,(anonymous_2)
FN:26,(anonymous_3)
FN:39,(anonymous_4)
FNF:5
FNH:4
FNDA:0,(anonymous_0)
FNDA:1,(anonymous_1)
FNDA:3,(anonymous_2)
FNDA:8,(anonymous_3)
FNDA:3,(anonymous_4)
DA:17,1
DA:23,3
DA:27,8
DA:28,8
DA:30,8
DA:40,3
DA:41,3
LF:7
LH:7
BRDA:33,0,0,8
BRDA:33,0,1,0
BRDA:62,1,0,0
BRDA:62,1,1,8
BRF:4
BRH:2
end_of_record
TN:
SF:/Users/dylan/Documents/Git/monzo-code-challenge/src/components/Authenticate/index.js
FNF:0
FNH:0
LF:0
LH:0
BRF:0
BRH:0
end_of_record
TN:
SF:/Users/dylan/Documents/Git/monzo-code-challenge/src/components/UserListItem/UserListItem.jsx
FN:5,(anonymous_0)
FNF:1
FNH:1
FNDA:1,(anonymous_0)
DA:5,3
DA:6,1
LF:2
LH:2
BRDA:5,0,0,1
BRDA:14,1,0,0
BRDA:14,1,1,1
BRF:3
BRH:2
end_of_record
TN:
SF:/Users/dylan/Documents/Git/monzo-code-challenge/src/components/UserListItem/index.js
FNF:0
FNH:0
LF:0
LH:0
BRF:0
BRH:0
end_of_record
TN:
SF:/Users/dylan/Documents/Git/monzo-code-challenge/src/containers/App/App.jsx
FN:35,(anonymous_0)
FN:43,(anonymous_1)
FN:54,(anonymous_2)
FN:56,(anonymous_3)
FN:72,(anonymous_4)
FN:92,(anonymous_5)
FN:96,(anonymous_6)
FN:106,(anonymous_7)
FN:108,(anonymous_8)
FN:132,(anonymous_9)
FN:147,(anonymous_10)
FN:149,(anonymous_11)
FN:182,(anonymous_12)
FN:199,(anonymous_13)
FN:209,(anonymous_14)
FN:219,(anonymous_15)
FN:228,(anonymous_16)
FNF:17
FNH:2
FNDA:1,(anonymous_0)
FNDA:0,(anonymous_1)
FNDA:0,(anonymous_2)
FNDA:0,(anonymous_3)
FNDA:0,(anonymous_4)
FNDA:0,(anonymous_5)
FNDA:0,(anonymous_6)
FNDA:0,(anonymous_7)
FNDA:0,(anonymous_8)
FNDA:0,(anonymous_9)
FNDA:0,(anonymous_10)
FNDA:0,(anonymous_11)
FNDA:0,(anonymous_12)
FNDA:1,(anonymous_13)
FNDA:0,(anonymous_14)
FNDA:0,(anonymous_15)
FNDA:0,(anonymous_16)
DA:36,1
DA:39,1
DA:40,0
DA:41,0
DA:42,0
DA:43,0
DA:56,0
DA:66,0
DA:68,0
DA:70,0
DA:72,0
DA:82,0
DA:94,0
DA:96,0
DA:108,0
DA:116,0
DA:117,0
DA:119,0
DA:125,0
DA:127,0
DA:133,0
DA:137,0
DA:149,0
DA:159,0
DA:163,0
DA:165,0
DA:173,0
DA:175,0
DA:183,0
DA:187,0
DA:200,1
DA:202,1
DA:210,0
DA:220,0
DA:229,0
LF:35
LH:4
BRDA:39,0,0,0
BRDA:39,0,1,1
BRDA:41,1,0,0
BRDA:41,1,1,0
BRDA:68,2,0,0
BRDA:68,2,1,0
BRDA:117,3,0,0
BRDA:117,3,1,0
BRDA:125,4,0,0
BRDA:125,4,1,0
BRDA:147,5,0,0
BRDA:152,6,0,0
BRDA:152,6,1,0
BRDA:163,7,0,0
BRDA:163,7,1,0
BRDA:173,8,0,0
BRDA:173,8,1,0
BRDA:210,9,0,0
BRDA:210,9,1,0
BRF:19
BRH:1
end_of_record
TN:
SF:/Users/dylan/Documents/Git/monzo-code-challenge/src/containers/PrivateRoute/PrivateRoute.jsx
FN:4,(anonymous_0)
FNF:1
FNH:1
FNDA:2,(anonymous_0)
DA:5,2
DA:6,1
DA:8,1
LF:3
LH:3
BRDA:5,0,0,1
BRDA:5,0,1,1
BRF:2
BRH:2
end_of_record
TN:
SF:/Users/dylan/Documents/Git/monzo-code-challenge/src/containers/PrivateRoute/index.js
FNF:0
FNH:0
LF:0
LH:0
BRF:0
BRH:0
end_of_record
